mode: set
github.com/Denterry/SocialNetwork/mainService/internal/config/config.go:56.25,58.16 2 0
github.com/Denterry/SocialNetwork/mainService/internal/config/config.go:58.16,59.32 1 0
github.com/Denterry/SocialNetwork/mainService/internal/config/config.go:62.2,62.49 1 0
github.com/Denterry/SocialNetwork/mainService/internal/config/config.go:62.49,63.46 1 0
github.com/Denterry/SocialNetwork/mainService/internal/config/config.go:66.2,68.56 2 0
github.com/Denterry/SocialNetwork/mainService/internal/config/config.go:68.56,69.49 1 0
github.com/Denterry/SocialNetwork/mainService/internal/config/config.go:72.2,72.13 1 0
github.com/Denterry/SocialNetwork/mainService/internal/config/config.go:78.31,85.15 4 0
github.com/Denterry/SocialNetwork/mainService/internal/config/config.go:85.15,87.17 2 0
github.com/Denterry/SocialNetwork/mainService/internal/config/config.go:87.17,89.4 1 0
github.com/Denterry/SocialNetwork/mainService/internal/config/config.go:91.3,91.33 1 0
github.com/Denterry/SocialNetwork/mainService/internal/config/config.go:94.2,94.12 1 0
github.com/Denterry/SocialNetwork/mainService/error/service.error.go:16.76,18.2 1 0
github.com/Denterry/SocialNetwork/mainService/error/service.error.go:20.53,22.2 1 0
github.com/Denterry/SocialNetwork/mainService/error/service.error.go:24.55,26.2 1 0
github.com/Denterry/SocialNetwork/mainService/error/service.error.go:28.49,30.2 1 0
github.com/Denterry/SocialNetwork/mainService/error/service.error.go:32.48,34.2 1 0
github.com/Denterry/SocialNetwork/mainService/cmd/main.go:24.13,35.16 3 0
github.com/Denterry/SocialNetwork/mainService/cmd/main.go:35.16,36.13 1 0
github.com/Denterry/SocialNetwork/mainService/cmd/main.go:39.2,40.16 2 0
github.com/Denterry/SocialNetwork/mainService/cmd/main.go:40.16,41.13 1 0
github.com/Denterry/SocialNetwork/mainService/cmd/main.go:44.2,56.16 8 0
github.com/Denterry/SocialNetwork/mainService/cmd/main.go:56.16,58.3 1 0
github.com/Denterry/SocialNetwork/mainService/cmd/main.go:61.2,67.16 5 0
github.com/Denterry/SocialNetwork/mainService/cmd/main.go:67.16,69.3 1 0
github.com/Denterry/SocialNetwork/mainService/cmd/main.go:71.2,71.81 1 0
github.com/Denterry/SocialNetwork/mainService/cmd/main.go:74.43,77.13 2 0
github.com/Denterry/SocialNetwork/mainService/cmd/main.go:78.16,81.4 1 0
github.com/Denterry/SocialNetwork/mainService/cmd/main.go:82.14,85.4 1 0
github.com/Denterry/SocialNetwork/mainService/cmd/main.go:86.15,89.4 1 0
github.com/Denterry/SocialNetwork/mainService/cmd/main.go:92.2,92.12 1 0
github.com/Denterry/SocialNetwork/mainService/domain/user.go:26.57,42.2 5 0
github.com/Denterry/SocialNetwork/mainService/middleware/middleware.go:12.60,13.32 1 0
github.com/Denterry/SocialNetwork/mainService/middleware/middleware.go:13.32,15.17 2 0
github.com/Denterry/SocialNetwork/mainService/middleware/middleware.go:15.17,20.4 4 0
github.com/Denterry/SocialNetwork/mainService/middleware/middleware.go:21.3,22.13 2 0
github.com/Denterry/SocialNetwork/mainService/internal/kafka/client.go:13.67,17.16 3 0
github.com/Denterry/SocialNetwork/mainService/internal/kafka/client.go:17.16,19.3 1 0
github.com/Denterry/SocialNetwork/mainService/internal/kafka/client.go:21.2,22.20 2 0
github.com/Denterry/SocialNetwork/mainService/internal/kafka/client.go:25.69,31.16 5 0
github.com/Denterry/SocialNetwork/mainService/internal/kafka/client.go:31.16,33.3 1 0
github.com/Denterry/SocialNetwork/mainService/internal/kafka/client.go:35.2,35.22 1 0
github.com/Denterry/SocialNetwork/mainService/internal/kafka/client.go:38.66,45.16 3 0
github.com/Denterry/SocialNetwork/mainService/internal/kafka/client.go:45.16,47.3 1 0
github.com/Denterry/SocialNetwork/mainService/internal/kafka/client.go:49.2,49.12 1 0
github.com/Denterry/SocialNetwork/mainService/internal/service/mocks/mock.go:27.67,31.2 3 0
github.com/Denterry/SocialNetwork/mainService/internal/service/mocks/mock.go:34.65,36.2 1 0
github.com/Denterry/SocialNetwork/mainService/internal/service/mocks/mock.go:39.78,44.2 4 0
github.com/Denterry/SocialNetwork/mainService/internal/service/mocks/mock.go:47.85,50.2 2 0
github.com/Denterry/SocialNetwork/mainService/internal/service/mocks/mock.go:53.104,59.2 5 0
github.com/Denterry/SocialNetwork/mainService/internal/service/mocks/mock.go:62.86,65.2 2 0
github.com/Denterry/SocialNetwork/mainService/internal/service/mocks/mock.go:68.108,74.2 5 0
github.com/Denterry/SocialNetwork/mainService/internal/service/mocks/mock.go:77.86,80.2 2 0
github.com/Denterry/SocialNetwork/mainService/internal/service/mocks/mock.go:83.103,89.2 5 0
github.com/Denterry/SocialNetwork/mainService/internal/service/mocks/mock.go:92.83,95.2 2 0
github.com/Denterry/SocialNetwork/mainService/internal/service/mocks/mock.go:98.80,104.2 5 0
github.com/Denterry/SocialNetwork/mainService/internal/service/mocks/mock.go:107.81,110.2 2 0
github.com/Denterry/SocialNetwork/mainService/internal/service/mocks/mock.go:113.70,118.2 4 0
github.com/Denterry/SocialNetwork/mainService/internal/service/mocks/mock.go:121.81,124.2 2 0
github.com/Denterry/SocialNetwork/mainService/internal/storage/initialize.db.go:24.57,45.16 4 0
github.com/Denterry/SocialNetwork/mainService/internal/storage/initialize.db.go:45.16,47.3 1 0
github.com/Denterry/SocialNetwork/mainService/internal/storage/initialize.db.go:49.2,49.16 1 0
github.com/Denterry/SocialNetwork/mainService/internal/service/post.service.go:11.69,13.16 2 0
github.com/Denterry/SocialNetwork/mainService/internal/service/post.service.go:13.16,15.3 1 0
github.com/Denterry/SocialNetwork/mainService/internal/service/post.service.go:17.2,17.43 1 0
github.com/Denterry/SocialNetwork/mainService/internal/service/stat.service.go:11.75,13.16 2 0
github.com/Denterry/SocialNetwork/mainService/internal/service/stat.service.go:13.16,15.3 1 0
github.com/Denterry/SocialNetwork/mainService/internal/service/stat.service.go:17.2,17.49 1 0
github.com/Denterry/SocialNetwork/mainService/internal/service/user.service.go:33.91,38.2 1 0
github.com/Denterry/SocialNetwork/mainService/internal/service/user.service.go:40.72,41.54 1 0
github.com/Denterry/SocialNetwork/mainService/internal/service/user.service.go:41.54,43.3 1 0
github.com/Denterry/SocialNetwork/mainService/internal/service/user.service.go:45.2,46.12 2 0
github.com/Denterry/SocialNetwork/mainService/internal/service/user.service.go:46.12,48.3 1 0
github.com/Denterry/SocialNetwork/mainService/internal/service/user.service.go:50.2,56.12 2 0
github.com/Denterry/SocialNetwork/mainService/internal/service/user.service.go:59.80,63.13 2 0
github.com/Denterry/SocialNetwork/mainService/internal/service/user.service.go:63.13,65.3 1 0
github.com/Denterry/SocialNetwork/mainService/internal/service/user.service.go:67.2,75.12 2 0
github.com/Denterry/SocialNetwork/mainService/internal/service/user.service.go:78.82,81.13 2 0
github.com/Denterry/SocialNetwork/mainService/internal/service/user.service.go:81.13,83.3 1 0
github.com/Denterry/SocialNetwork/mainService/internal/service/user.service.go:85.2,86.20 2 0
github.com/Denterry/SocialNetwork/mainService/internal/service/user.service.go:86.20,88.3 1 0
github.com/Denterry/SocialNetwork/mainService/internal/service/user.service.go:90.2,92.16 2 0
github.com/Denterry/SocialNetwork/mainService/internal/service/user.service.go:92.16,94.3 1 0
github.com/Denterry/SocialNetwork/mainService/internal/service/user.service.go:96.2,96.19 1 0
github.com/Denterry/SocialNetwork/mainService/internal/service/user.service.go:99.102,101.17 2 0
github.com/Denterry/SocialNetwork/mainService/internal/service/user.service.go:101.17,107.3 1 0
github.com/Denterry/SocialNetwork/mainService/internal/service/user.service.go:109.2,109.67 1 0
github.com/Denterry/SocialNetwork/mainService/internal/service/user.service.go:112.103,114.17 2 0
github.com/Denterry/SocialNetwork/mainService/internal/service/user.service.go:114.17,120.3 1 0
github.com/Denterry/SocialNetwork/mainService/internal/service/user.service.go:122.2,122.67 1 0
github.com/Denterry/SocialNetwork/mainService/internal/service/user.service.go:125.107,127.17 2 0
github.com/Denterry/SocialNetwork/mainService/internal/service/user.service.go:127.17,133.3 1 0
github.com/Denterry/SocialNetwork/mainService/internal/service/user.service.go:135.2,143.8 1 0
github.com/Denterry/SocialNetwork/mainService/internal/repository/user.repository.go:26.52,30.2 1 0
github.com/Denterry/SocialNetwork/mainService/internal/repository/user.repository.go:32.59,34.2 1 0
github.com/Denterry/SocialNetwork/mainService/internal/repository/user.repository.go:36.74,40.2 3 0
github.com/Denterry/SocialNetwork/mainService/internal/repository/user.repository.go:42.88,44.2 1 0
github.com/Denterry/SocialNetwork/mainService/internal/repository/user.repository.go:46.93,56.17 5 0
github.com/Denterry/SocialNetwork/mainService/internal/repository/user.repository.go:56.17,58.3 1 0
github.com/Denterry/SocialNetwork/mainService/internal/repository/user.repository.go:59.2,59.16 1 0
github.com/Denterry/SocialNetwork/mainService/internal/repository/user.repository.go:62.91,68.61 2 0
github.com/Denterry/SocialNetwork/mainService/internal/repository/user.repository.go:68.61,70.3 1 0
github.com/Denterry/SocialNetwork/mainService/internal/repository/user.repository.go:71.2,71.13 1 0
github.com/Denterry/SocialNetwork/mainService/internal/repository/user.repository.go:74.75,76.62 2 0
github.com/Denterry/SocialNetwork/mainService/internal/repository/user.repository.go:76.62,78.3 1 0
github.com/Denterry/SocialNetwork/mainService/internal/repository/user.repository.go:79.2,80.13 2 0
github.com/Denterry/SocialNetwork/mainService/util/password.util.go:10.37,13.2 2 0
github.com/Denterry/SocialNetwork/mainService/util/token.util..go:14.75,23.2 6 0
github.com/Denterry/SocialNetwork/mainService/util/token.util..go:25.61,27.79 2 0
github.com/Denterry/SocialNetwork/mainService/util/token.util..go:27.79,28.58 1 0
github.com/Denterry/SocialNetwork/mainService/util/token.util..go:28.58,30.4 1 0
github.com/Denterry/SocialNetwork/mainService/util/token.util..go:32.3,32.37 1 0
github.com/Denterry/SocialNetwork/mainService/util/token.util..go:34.2,34.16 1 0
github.com/Denterry/SocialNetwork/mainService/util/token.util..go:34.16,36.3 1 0
github.com/Denterry/SocialNetwork/mainService/util/token.util..go:38.2,38.12 1 0
github.com/Denterry/SocialNetwork/mainService/util/token.util..go:41.44,43.17 2 0
github.com/Denterry/SocialNetwork/mainService/util/token.util..go:43.17,45.3 1 0
github.com/Denterry/SocialNetwork/mainService/util/token.util..go:47.2,48.47 2 0
github.com/Denterry/SocialNetwork/mainService/util/token.util..go:48.47,50.3 1 0
github.com/Denterry/SocialNetwork/mainService/util/token.util..go:51.2,51.11 1 0
github.com/Denterry/SocialNetwork/mainService/util/token.util..go:54.78,57.83 2 0
github.com/Denterry/SocialNetwork/mainService/util/token.util..go:57.83,58.58 1 0
github.com/Denterry/SocialNetwork/mainService/util/token.util..go:58.58,60.4 1 0
github.com/Denterry/SocialNetwork/mainService/util/token.util..go:61.3,61.37 1 0
github.com/Denterry/SocialNetwork/mainService/util/token.util..go:63.2,63.16 1 0
github.com/Denterry/SocialNetwork/mainService/util/token.util..go:63.16,65.3 1 0
github.com/Denterry/SocialNetwork/mainService/util/token.util..go:67.2,68.23 2 0
github.com/Denterry/SocialNetwork/mainService/util/token.util..go:68.23,70.10 2 0
github.com/Denterry/SocialNetwork/mainService/util/token.util..go:70.10,72.4 1 0
github.com/Denterry/SocialNetwork/mainService/util/token.util..go:74.3,75.17 2 0
github.com/Denterry/SocialNetwork/mainService/util/token.util..go:75.17,77.4 1 0
github.com/Denterry/SocialNetwork/mainService/util/token.util..go:79.3,79.18 1 0
github.com/Denterry/SocialNetwork/mainService/util/token.util..go:82.2,82.56 1 0
github.com/Denterry/SocialNetwork/mainService/domain/user.go:26.57,42.2 5 0
github.com/Denterry/SocialNetwork/mainService/error/service.error.go:16.76,18.2 1 0
github.com/Denterry/SocialNetwork/mainService/error/service.error.go:20.53,22.2 1 0
github.com/Denterry/SocialNetwork/mainService/error/service.error.go:24.55,26.2 1 0
github.com/Denterry/SocialNetwork/mainService/error/service.error.go:28.49,30.2 1 0
github.com/Denterry/SocialNetwork/mainService/error/service.error.go:32.48,34.2 1 0
github.com/Denterry/SocialNetwork/mainService/internal/config/config.go:56.25,58.16 2 0
github.com/Denterry/SocialNetwork/mainService/internal/config/config.go:58.16,59.32 1 0
github.com/Denterry/SocialNetwork/mainService/internal/config/config.go:62.2,62.49 1 0
github.com/Denterry/SocialNetwork/mainService/internal/config/config.go:62.49,63.46 1 0
github.com/Denterry/SocialNetwork/mainService/internal/config/config.go:66.2,68.56 2 0
github.com/Denterry/SocialNetwork/mainService/internal/config/config.go:68.56,69.49 1 0
github.com/Denterry/SocialNetwork/mainService/internal/config/config.go:72.2,72.13 1 0
github.com/Denterry/SocialNetwork/mainService/internal/config/config.go:78.31,85.15 4 0
github.com/Denterry/SocialNetwork/mainService/internal/config/config.go:85.15,87.17 2 0
github.com/Denterry/SocialNetwork/mainService/internal/config/config.go:87.17,89.4 1 0
github.com/Denterry/SocialNetwork/mainService/internal/config/config.go:91.3,91.33 1 0
github.com/Denterry/SocialNetwork/mainService/internal/config/config.go:94.2,94.12 1 0
github.com/Denterry/SocialNetwork/mainService/internal/repository/user.repository.go:26.52,30.2 1 0
github.com/Denterry/SocialNetwork/mainService/internal/repository/user.repository.go:32.59,34.2 1 0
github.com/Denterry/SocialNetwork/mainService/internal/repository/user.repository.go:36.74,40.2 3 0
github.com/Denterry/SocialNetwork/mainService/internal/repository/user.repository.go:42.88,44.2 1 0
github.com/Denterry/SocialNetwork/mainService/internal/repository/user.repository.go:46.93,56.17 5 0
github.com/Denterry/SocialNetwork/mainService/internal/repository/user.repository.go:56.17,58.3 1 0
github.com/Denterry/SocialNetwork/mainService/internal/repository/user.repository.go:59.2,59.16 1 0
github.com/Denterry/SocialNetwork/mainService/internal/repository/user.repository.go:62.91,68.61 2 0
github.com/Denterry/SocialNetwork/mainService/internal/repository/user.repository.go:68.61,70.3 1 0
github.com/Denterry/SocialNetwork/mainService/internal/repository/user.repository.go:71.2,71.13 1 0
github.com/Denterry/SocialNetwork/mainService/internal/repository/user.repository.go:74.75,76.62 2 0
github.com/Denterry/SocialNetwork/mainService/internal/repository/user.repository.go:76.62,78.3 1 0
github.com/Denterry/SocialNetwork/mainService/internal/repository/user.repository.go:79.2,80.13 2 0
github.com/Denterry/SocialNetwork/mainService/internal/service/post.service.go:11.69,13.16 2 0
github.com/Denterry/SocialNetwork/mainService/internal/service/post.service.go:13.16,15.3 1 0
github.com/Denterry/SocialNetwork/mainService/internal/service/post.service.go:17.2,17.43 1 0
github.com/Denterry/SocialNetwork/mainService/internal/service/stat.service.go:11.75,13.16 2 0
github.com/Denterry/SocialNetwork/mainService/internal/service/stat.service.go:13.16,15.3 1 0
github.com/Denterry/SocialNetwork/mainService/internal/service/stat.service.go:17.2,17.49 1 0
github.com/Denterry/SocialNetwork/mainService/internal/service/user.service.go:33.91,38.2 1 1
github.com/Denterry/SocialNetwork/mainService/internal/service/user.service.go:40.72,41.54 1 1
github.com/Denterry/SocialNetwork/mainService/internal/service/user.service.go:41.54,43.3 1 1
github.com/Denterry/SocialNetwork/mainService/internal/service/user.service.go:45.2,46.12 2 1
github.com/Denterry/SocialNetwork/mainService/internal/service/user.service.go:46.12,48.3 1 0
github.com/Denterry/SocialNetwork/mainService/internal/service/user.service.go:50.2,56.12 2 1
github.com/Denterry/SocialNetwork/mainService/internal/service/user.service.go:59.80,63.13 2 0
github.com/Denterry/SocialNetwork/mainService/internal/service/user.service.go:63.13,65.3 1 0
github.com/Denterry/SocialNetwork/mainService/internal/service/user.service.go:67.2,75.12 2 0
github.com/Denterry/SocialNetwork/mainService/internal/service/user.service.go:78.82,81.13 2 1
github.com/Denterry/SocialNetwork/mainService/internal/service/user.service.go:81.13,83.3 1 1
github.com/Denterry/SocialNetwork/mainService/internal/service/user.service.go:85.2,86.20 2 0
github.com/Denterry/SocialNetwork/mainService/internal/service/user.service.go:86.20,88.3 1 0
github.com/Denterry/SocialNetwork/mainService/internal/service/user.service.go:90.2,92.16 2 0
github.com/Denterry/SocialNetwork/mainService/internal/service/user.service.go:92.16,94.3 1 0
github.com/Denterry/SocialNetwork/mainService/internal/service/user.service.go:96.2,96.19 1 0
github.com/Denterry/SocialNetwork/mainService/internal/service/user.service.go:99.102,101.17 2 0
github.com/Denterry/SocialNetwork/mainService/internal/service/user.service.go:101.17,107.3 1 0
github.com/Denterry/SocialNetwork/mainService/internal/service/user.service.go:109.2,109.67 1 0
github.com/Denterry/SocialNetwork/mainService/internal/service/user.service.go:112.103,114.17 2 0
github.com/Denterry/SocialNetwork/mainService/internal/service/user.service.go:114.17,120.3 1 0
github.com/Denterry/SocialNetwork/mainService/internal/service/user.service.go:122.2,122.67 1 0
github.com/Denterry/SocialNetwork/mainService/internal/service/user.service.go:125.107,127.17 2 0
github.com/Denterry/SocialNetwork/mainService/internal/service/user.service.go:127.17,133.3 1 0
github.com/Denterry/SocialNetwork/mainService/internal/service/user.service.go:135.2,143.8 1 0
github.com/Denterry/SocialNetwork/mainService/util/password.util.go:10.37,13.2 2 1
github.com/Denterry/SocialNetwork/mainService/util/token.util..go:14.75,23.2 6 0
github.com/Denterry/SocialNetwork/mainService/util/token.util..go:25.61,27.79 2 0
github.com/Denterry/SocialNetwork/mainService/util/token.util..go:27.79,28.58 1 0
github.com/Denterry/SocialNetwork/mainService/util/token.util..go:28.58,30.4 1 0
github.com/Denterry/SocialNetwork/mainService/util/token.util..go:32.3,32.37 1 0
github.com/Denterry/SocialNetwork/mainService/util/token.util..go:34.2,34.16 1 0
github.com/Denterry/SocialNetwork/mainService/util/token.util..go:34.16,36.3 1 0
github.com/Denterry/SocialNetwork/mainService/util/token.util..go:38.2,38.12 1 0
github.com/Denterry/SocialNetwork/mainService/util/token.util..go:41.44,43.17 2 0
github.com/Denterry/SocialNetwork/mainService/util/token.util..go:43.17,45.3 1 0
github.com/Denterry/SocialNetwork/mainService/util/token.util..go:47.2,48.47 2 0
github.com/Denterry/SocialNetwork/mainService/util/token.util..go:48.47,50.3 1 0
github.com/Denterry/SocialNetwork/mainService/util/token.util..go:51.2,51.11 1 0
github.com/Denterry/SocialNetwork/mainService/util/token.util..go:54.78,57.83 2 0
github.com/Denterry/SocialNetwork/mainService/util/token.util..go:57.83,58.58 1 0
github.com/Denterry/SocialNetwork/mainService/util/token.util..go:58.58,60.4 1 0
github.com/Denterry/SocialNetwork/mainService/util/token.util..go:61.3,61.37 1 0
github.com/Denterry/SocialNetwork/mainService/util/token.util..go:63.2,63.16 1 0
github.com/Denterry/SocialNetwork/mainService/util/token.util..go:63.16,65.3 1 0
github.com/Denterry/SocialNetwork/mainService/util/token.util..go:67.2,68.23 2 0
github.com/Denterry/SocialNetwork/mainService/util/token.util..go:68.23,70.10 2 0
github.com/Denterry/SocialNetwork/mainService/util/token.util..go:70.10,72.4 1 0
github.com/Denterry/SocialNetwork/mainService/util/token.util..go:74.3,75.17 2 0
github.com/Denterry/SocialNetwork/mainService/util/token.util..go:75.17,77.4 1 0
github.com/Denterry/SocialNetwork/mainService/util/token.util..go:79.3,79.18 1 0
github.com/Denterry/SocialNetwork/mainService/util/token.util..go:82.2,82.56 1 0
